FinalProject/app/build/intermediates/manifest_merge_blame_file/debug/manifest-merger-blame-debug-report.txt
1<?xml version="1.0" encoding="utf-8"?>
2<manifest xmlns:android="http://schemas.android.com/apk/res/android"
3    package="com.example.finalproject"
4    android:versionCode="1"
5    android:versionName="1.0" >
6
7    <uses-sdk
8        android:minSdkVersion="23"
8-->src/main/AndroidManifest.xml
9        android:targetSdkVersion="30" />
9-->src/main/AndroidManifest.xml
10
11    <uses-permission android:name="android.permission.WRITE_EXTERNAL_STORAGE" />
11-->src/main/AndroidManifest.xml:6:5-8:48
11-->src/main/AndroidManifest.xml:7:9-65
12
13    <application
13-->src/main/AndroidManifest.xml:10:5-52:19
14        android:allowBackup="true"
14-->src/main/AndroidManifest.xml:11:9-35
15        android:appComponentFactory="androidx.core.app.CoreComponentFactory"
15-->[androidx.core:core:1.1.0] AndroidManifest.xml:24:18-86
16        android:debuggable="true"
17        android:extractNativeLibs="false"
18        android:icon="@mipmap/ic_launcher"
18-->src/main/AndroidManifest.xml:12:9-43
19        android:label="@string/app_name"
19-->src/main/AndroidManifest.xml:13:9-41
20        android:roundIcon="@mipmap/ic_launcher_round"
20-->src/main/AndroidManifest.xml:14:9-54
21        android:supportsRtl="true"
21-->src/main/AndroidManifest.xml:15:9-35
22        android:testOnly="true"
23        android:theme="@style/AppTheme" >
23-->src/main/AndroidManifest.xml:16:9-40
24        <activity android:name="com.example.finalproject.MainActivity" >
24-->src/main/AndroidManifest.xml:17:9-23:20
24-->src/main/AndroidManifest.xml:17:19-47
25            <intent-filter>
25-->src/main/AndroidManifest.xml:18:13-22:29
26                <action android:name="android.intent.action.MAIN" />
26-->src/main/AndroidManifest.xml:19:17-69
26-->src/main/AndroidManifest.xml:19:25-66
27
28                <category android:name="android.intent.category.LAUNCHER" />
28-->src/main/AndroidManifest.xml:21:17-77
28-->src/main/AndroidManifest.xml:21:27-74
29            </intent-filter>
30        </activity>
31        <activity
31-->src/main/AndroidManifest.xml:25:9-27:51
32            android:name="com.example.finalproject.LandingActivity"
32-->src/main/AndroidManifest.xml:25:19-50
33            android:configChanges="keyboard|keyboardHidden|orientation|screenLayout|screenSize|locale|layoutDirection"
33-->src/main/AndroidManifest.xml:26:13-119
34            android:screenOrientation="portrait" />
34-->src/main/AndroidManifest.xml:27:13-49
35        <activity
35-->src/main/AndroidManifest.xml:29:9-31:51
36            android:name="com.example.finalproject.FilterActivity"
36-->src/main/AndroidManifest.xml:29:19-49
37            android:configChanges="keyboard|keyboardHidden|orientation|screenLayout|screenSize|locale|layoutDirection"
37-->src/main/AndroidManifest.xml:30:13-119
38            android:screenOrientation="portrait" />
38-->src/main/AndroidManifest.xml:31:13-49
39        <activity
39-->src/main/AndroidManifest.xml:33:9-35:51
40            android:name="com.example.finalproject.TodosActivity"
40-->src/main/AndroidManifest.xml:33:19-48
41            android:configChanges="keyboard|keyboardHidden|orientation|screenLayout|screenSize|locale|layoutDirection"
41-->src/main/AndroidManifest.xml:34:13-119
42            android:screenOrientation="portrait" />
42-->src/main/AndroidManifest.xml:35:13-49
43        <activity
43-->src/main/AndroidManifest.xml:37:9-39:51
44            android:name="com.example.finalproject.MedicineActivity"
44-->src/main/AndroidManifest.xml:37:19-51
45            android:configChanges="keyboard|keyboardHidden|orientation|screenLayout|screenSize|locale|layoutDirection"
45-->src/main/AndroidManifest.xml:38:13-119
46            android:screenOrientation="portrait" />
46-->src/main/AndroidManifest.xml:39:13-49
47        <activity
47-->src/main/AndroidManifest.xml:41:9-43:51
48            android:name="com.example.finalproject.CreateMedActivity"
48-->src/main/AndroidManifest.xml:41:19-52
49            android:configChanges="keyboard|keyboardHidden|orientation|screenLayout|screenSize|locale|layoutDirection"
49-->src/main/AndroidManifest.xml:42:13-119
50            android:screenOrientation="portrait" />
50-->src/main/AndroidManifest.xml:43:13-49
51        <activity
51-->src/main/AndroidManifest.xml:45:9-47:51
52            android:name="com.example.finalproject.MoodActivity"
52-->src/main/AndroidManifest.xml:45:19-47
53            android:configChanges="keyboard|keyboardHidden|orientation|screenLayout|screenSize|locale|layoutDirection"
53-->src/main/AndroidManifest.xml:46:13-119
54            android:screenOrientation="portrait" />
54-->src/main/AndroidManifest.xml:47:13-49
55        <activity
55-->src/main/AndroidManifest.xml:49:9-51:51
56            android:name="com.example.finalproject.ShowMedLogsActivity"
56-->src/main/AndroidManifest.xml:49:19-54
57            android:configChanges="keyboard|keyboardHidden|orientation|screenLayout|screenSize|locale|layoutDirection"
57-->src/main/AndroidManifest.xml:50:13-119
58            android:screenOrientation="portrait" />
58-->src/main/AndroidManifest.xml:51:13-49
59
60        <service
60-->[androidx.room:room-runtime:2.1.0] AndroidManifest.xml:25:9-27:40
61            android:name="androidx.room.MultiInstanceInvalidationService"
61-->[androidx.room:room-runtime:2.1.0] AndroidManifest.xml:26:13-74
62            android:exported="false" />
62-->[androidx.room:room-runtime:2.1.0] AndroidManifest.xml:27:13-37
63    </application>
64
65</manifest>